[32minfo[39m 2024-02-22T08:48:39.986Z PatientList with the required parameters recieved successfully
[32minfo[39m 2024-02-22T08:52:24.120Z PatientList with the required parameters recieved successfully
[32minfo[39m 2024-02-22T08:54:40.970Z PatientList with the required parameters recieved successfully
[32minfo[39m 2024-02-22T08:55:16.158Z PatientList with the required parameters recieved successfully
[32minfo[39m 2024-02-22T08:57:23.321Z PatientList with the required parameters recieved successfully
[32minfo[39m 2024-02-22T08:57:33.148Z PatientList with the required parameters recieved successfully
[32minfo[39m 2024-02-22T08:57:35.941Z PatientList with the required parameters recieved successfully
[32minfo[39m 2024-02-22T08:57:56.603Z PatientList with the required parameters recieved successfully
[32minfo[39m 2024-02-22T08:59:16.167Z PatientList with the required parameters recieved successfully
[32minfo[39m 2024-02-22T08:59:25.931Z PatientList with the required parameters recieved successfully
[32minfo[39m 2024-02-22T08:59:27.086Z PatientList with the required parameters recieved successfully
[32minfo[39m 2024-02-22T08:59:35.188Z PatientList with the required parameters recieved successfully
[32minfo[39m 2024-02-22T09:00:44.082Z PatientList with the required parameters recieved successfully
[32minfo[39m 2024-02-22T09:01:32.480Z Patient created successfully
[32minfo[39m 2024-02-22T09:26:37.561Z Patient created successfully
[32minfo[39m 2024-02-22T09:27:25.695Z PatientList with the required parameters recieved successfully
[32minfo[39m 2024-02-22T09:28:03.518Z PatientList with the required parameters recieved successfully
[32minfo[39m 2024-02-22T09:29:21.887Z PatientList with the required parameters recieved successfully
[32minfo[39m 2024-02-22T09:29:47.427Z PatientList with the required parameters recieved successfully
[32minfo[39m 2024-02-22T09:38:55.451Z Appointment created successfully
[32minfo[39m 2024-02-22T09:50:16.119Z DoctorList with the required parameters received successfully
[32minfo[39m 2024-02-22T09:53:43.229Z appointmentList with the required parameters received successfully
[32minfo[39m 2024-02-22T09:54:06.238Z appointmentList with the required parameters received successfully
[32minfo[39m 2024-02-22T09:57:12.259Z appointmentList with the required parameters received successfully
[32minfo[39m 2024-02-22T09:58:36.445Z PatientList with the required parameters recieved successfully
[32minfo[39m 2024-02-22T10:00:30.042Z appointmentList with the required parameters received successfully
[32minfo[39m 2024-02-22T10:01:28.833Z appointmentList with the required parameters received successfully
[32minfo[39m 2024-02-22T10:01:46.266Z appointmentList with the required parameters received successfully
[32minfo[39m 2024-02-22T10:03:26.075Z appointmentList with the required parameters received successfully
[32minfo[39m 2024-02-22T10:04:01.684Z DoctorList with the required parameters received successfully
[32minfo[39m 2024-02-22T10:04:20.341Z DoctorList with the required parameters received successfully
[32minfo[39m 2024-02-22T10:09:23.503Z DoctorList with the required parameters received successfully
[32minfo[39m 2024-02-22T10:10:45.183Z DoctorList with the required parameters received successfully
[32minfo[39m 2024-02-22T10:11:06.298Z DoctorList with the required parameters received successfully
[32minfo[39m 2024-02-22T10:11:27.365Z DoctorList with the required parameters received successfully
[32minfo[39m 2024-02-22T10:49:53.215Z appointmentList with the required parameters received successfully
[32minfo[39m 2024-02-22T10:53:02.068Z appointmentList with the required parameters received successfully
[32minfo[39m 2024-02-22T10:53:15.912Z appointmentList with the required parameters received successfully
[32minfo[39m 2024-02-22T10:54:25.750Z appointmentList with the required parameters received successfully
[32minfo[39m 2024-02-22T10:55:12.590Z appointmentList with the required parameters received successfully
[32minfo[39m 2024-02-22T10:55:43.410Z appointmentList with the required parameters received successfully
[32minfo[39m 2024-02-22T10:56:31.358Z appointmentList with the required parameters received successfully
[32minfo[39m 2024-02-22T10:57:26.002Z appointmentList with the required parameters received successfully
[32minfo[39m 2024-02-22T10:57:42.823Z appointmentList with the required parameters received successfully
[32minfo[39m 2024-02-22T11:01:04.706Z appointmentList with the required parameters received successfully
[32minfo[39m 2024-02-22T11:18:41.979Z appointmentList with the required parameters received successfully
[32minfo[39m 2024-02-22T11:24:27.045Z appointmentList with the required parameters received successfully
[32minfo[39m 2024-02-22T11:43:09.392Z appointmentList with the required parameters received successfully
[32minfo[39m 2024-02-22T11:44:08.848Z appointmentList with the required parameters received successfully
[32minfo[39m 2024-02-22T11:44:38.133Z appointmentList with the required parameters received successfully
[32minfo[39m 2024-02-22T13:34:26.327Z appointmentList with the required parameters received successfully
[32minfo[39m 2024-02-22T13:35:31.874Z appointmentList with the required parameters received successfully
[32minfo[39m 2024-02-22T13:35:35.164Z appointmentList with the required parameters received successfully
[32minfo[39m 2024-02-22T19:21:24.123Z appointmentList with the required parameters received successfully
[32minfo[39m 2024-02-22T19:24:23.729Z appointmentList with the required parameters received successfully
[32minfo[39m 2024-02-22T19:24:27.493Z appointmentList with the required parameters received successfully
[32minfo[39m 2024-02-22T19:25:35.850Z appointmentList with the required parameters received successfully
[32minfo[39m 2024-02-22T19:25:50.568Z appointmentList with the required parameters received successfully
[32minfo[39m 2024-02-22T19:32:02.384Z appointmentList with the required parameters received successfully
[32minfo[39m 2024-02-22T19:38:15.105Z appointmentList with the required parameters received successfully
[32minfo[39m 2024-02-22T19:41:08.510Z appointmentList with the required parameters received successfully
[32minfo[39m 2024-02-22T19:45:15.039Z appointmentList with the required parameters received successfully
[32minfo[39m 2024-02-22T19:47:12.369Z appointmentList with the required parameters received successfully
[32minfo[39m 2024-02-22T19:48:13.986Z appointmentList with the required parameters received successfully
[32minfo[39m 2024-02-22T19:52:27.507Z appointmentList with the required parameters received successfully
[32minfo[39m 2024-02-22T19:53:20.901Z appointmentList with the required parameters received successfully
[32minfo[39m 2024-02-22T19:55:12.427Z appointmentList with the required parameters received successfully
[32minfo[39m 2024-02-22T20:02:24.821Z appointmentList with the required parameters received successfully
[32minfo[39m 2024-02-22T20:09:10.118Z appointmentList with the required parameters received successfully
[32minfo[39m 2024-02-22T20:09:37.849Z appointmentList with the required parameters received successfully
[32minfo[39m 2024-02-22T20:11:15.291Z appointmentList with the required parameters received successfully
[32minfo[39m 2024-02-22T20:12:46.672Z appointmentList with the required parameters received successfully
[32minfo[39m 2024-02-22T20:26:31.104Z appointmentList with the required parameters received successfully
[32minfo[39m 2024-02-22T20:26:57.925Z appointmentList with the required parameters received successfully
[32minfo[39m 2024-02-22T20:27:13.967Z appointmentList with the required parameters received successfully
[32minfo[39m 2024-02-22T20:29:56.435Z appointmentList with the required parameters received successfully
[32minfo[39m 2024-02-25T14:56:59.277Z appointmentList with the required parameters received successfully
[32minfo[39m 2024-02-25T14:57:27.525Z appointmentList with the required parameters received successfully
[32minfo[39m 2024-02-25T14:58:21.058Z appointmentList with the required parameters received successfully
[32minfo[39m 2024-02-25T14:58:37.312Z appointmentList with the required parameters received successfully
[32minfo[39m 2024-02-25T14:58:50.201Z appointmentList with the required parameters received successfully
[32minfo[39m 2024-02-25T15:02:12.023Z appointmentList with the required parameters received successfully
[32minfo[39m 2024-02-25T15:02:32.185Z appointmentList with the required parameters received successfully
[32minfo[39m 2024-02-25T15:03:02.623Z appointmentList with the required parameters received successfully
[32minfo[39m 2024-02-25T15:03:36.325Z appointmentList with the required parameters received successfully
[32minfo[39m 2024-02-25T15:05:07.024Z appointmentList with the required parameters received successfully
[32minfo[39m 2024-02-25T15:09:02.616Z Patient details updated successfully
[32minfo[39m 2024-02-25T15:10:33.803Z Patient details updated successfully
[32minfo[39m 2024-02-25T15:10:56.388Z Patient details updated successfully
[32minfo[39m 2024-02-25T15:11:21.943Z Patient details updated successfully
[32minfo[39m 2024-02-25T15:11:42.359Z Patient details updated successfully
[32minfo[39m 2024-02-25T15:16:27.476Z appointmentList with the required parameters received successfully
[32minfo[39m 2024-02-25T15:16:45.098Z appointmentList with the required parameters received successfully
[32minfo[39m 2024-02-25T15:17:57.643Z appointmentList with the required parameters received successfully
[32minfo[39m 2024-02-25T15:18:13.290Z appointmentList with the required parameters received successfully
[32minfo[39m 2024-02-25T15:18:28.718Z appointmentList with the required parameters received successfully
[32minfo[39m 2024-02-25T15:18:30.071Z appointmentList with the required parameters received successfully
[32minfo[39m 2024-02-25T15:20:01.538Z Patient details updated successfully
[32minfo[39m 2024-02-26T08:54:18.523Z Appointment details updated successfully
[32minfo[39m 2024-02-26T08:55:47.845Z Appointment details updated successfully
[32minfo[39m 2024-02-26T08:56:09.234Z Appointment details updated successfully
[32minfo[39m 2024-02-26T08:56:18.690Z Appointment details updated successfully
[32minfo[39m 2024-02-26T08:56:56.797Z Appointment details updated successfully
[32minfo[39m 2024-02-26T09:03:28.978Z Appointment details updated successfully
[32minfo[39m 2024-02-26T09:03:36.200Z Appointment details updated successfully
[32minfo[39m 2024-02-26T09:24:33.975Z Appointment details updated successfully
[32minfo[39m 2024-02-26T09:24:52.017Z Appointment details updated successfully
[32minfo[39m 2024-02-26T09:25:18.998Z Appointment details updated successfully
[32minfo[39m 2024-02-26T09:25:28.630Z Appointment details updated successfully
[32minfo[39m 2024-02-26T09:25:34.835Z Appointment details updated successfully
[32minfo[39m 2024-02-26T09:26:32.892Z Appointment details updated successfully
[32minfo[39m 2024-02-26T09:26:40.139Z Appointment details updated successfully
[32minfo[39m 2024-02-26T09:27:42.392Z Appointment details updated successfully
[32minfo[39m 2024-02-26T09:28:28.835Z Appointment details updated successfully
[32minfo[39m 2024-02-26T09:29:08.683Z Appointment details updated successfully
[32minfo[39m 2024-02-26T09:29:42.554Z Appointment details updated successfully
[32minfo[39m 2024-02-26T09:31:07.572Z Appointment details updated successfully
[32minfo[39m 2024-02-26T09:31:28.015Z Appointment details updated successfully
[32minfo[39m 2024-02-26T09:32:09.061Z Appointment details updated successfully
[32minfo[39m 2024-02-26T09:32:23.286Z Appointment details updated successfully
[32minfo[39m 2024-02-26T09:32:30.375Z Appointment details updated successfully
[32minfo[39m 2024-02-26T09:32:51.345Z Appointment details updated successfully
[32minfo[39m 2024-02-27T16:56:29.734Z UserDetails fetched successfully
[32minfo[39m 2024-02-27T16:56:31.029Z UserDetails fetched successfully
[32minfo[39m 2024-02-27T17:01:16.228Z UserDetails fetched successfully
[32minfo[39m 2024-02-27T17:23:46.884Z UserDetails fetched successfully
[32minfo[39m 2024-02-27T17:44:21.577Z UserDetails fetched successfully
[32minfo[39m 2024-02-27T18:30:22.738Z UserDetails fetched successfully
[32minfo[39m 2024-02-27T18:38:50.717Z UserDetails fetched successfully
[32minfo[39m 2024-02-27T18:45:01.957Z UserDetails fetched successfully
[32minfo[39m 2024-02-27T18:47:50.174Z UserDetails fetched successfully
[32minfo[39m 2024-02-27T18:49:14.325Z UserDetails fetched successfully
[32minfo[39m 2024-02-27T19:06:53.644Z UserDetails fetched successfully
[32minfo[39m 2024-02-27T19:30:54.857Z UserDetails fetched successfully
[32minfo[39m 2024-02-27T19:33:10.387Z UserDetails fetched successfully
[32minfo[39m 2024-02-27T19:36:53.388Z UserDetails fetched successfully
[32minfo[39m 2024-02-27T19:37:20.841Z UserDetails fetched successfully
[32minfo[39m 2024-02-27T19:38:40.620Z UserDetails fetched successfully
[32minfo[39m 2024-02-27T19:39:24.005Z UserDetails fetched successfully
[32minfo[39m 2024-02-27T19:40:41.873Z UserDetails fetched successfully
[32minfo[39m 2024-02-27T19:41:44.855Z UserDetails fetched successfully
[32minfo[39m 2024-02-27T19:43:32.921Z UserDetails fetched successfully
[32minfo[39m 2024-02-27T19:44:50.118Z UserDetails fetched successfully
[32minfo[39m 2024-02-27T19:45:10.489Z UserDetails fetched successfully
[32minfo[39m 2024-02-27T19:52:51.897Z UserDetails fetched successfully
[32minfo[39m 2024-02-27T19:53:08.057Z UserDetails fetched successfully
[32minfo[39m 2024-02-27T19:53:28.351Z UserDetails fetched successfully
[32minfo[39m 2024-02-27T19:56:28.973Z UserDetails fetched successfully
[32minfo[39m 2024-02-27T19:57:24.905Z UserDetails fetched successfully
[32minfo[39m 2024-02-27T19:57:53.814Z UserDetails fetched successfully
[32minfo[39m 2024-02-27T19:58:38.633Z UserDetails fetched successfully
[32minfo[39m 2024-02-27T19:58:53.269Z UserDetails fetched successfully
[32minfo[39m 2024-02-27T19:59:13.782Z UserDetails fetched successfully
[32minfo[39m 2024-02-27T20:08:48.056Z UserDetails fetched successfully
[32minfo[39m 2024-02-27T20:09:54.927Z UserDetails fetched successfully
[32minfo[39m 2024-02-27T20:09:56.459Z UserDetails fetched successfully
[32minfo[39m 2024-02-27T20:10:31.168Z UserDetails fetched successfully
[32minfo[39m 2024-02-27T20:14:13.213Z UserDetails fetched successfully
[32minfo[39m 2024-02-27T20:14:35.571Z UserDetails fetched successfully
[32minfo[39m 2024-02-27T20:15:41.579Z UserDetails fetched successfully
[32minfo[39m 2024-02-27T20:15:57.977Z UserDetails fetched successfully
[32minfo[39m 2024-02-27T20:25:33.433Z UserDetails fetched successfully
[32minfo[39m 2024-02-27T20:31:09.378Z UserDetails fetched successfully
[32minfo[39m 2024-02-27T20:31:37.185Z UserDetails fetched successfully
[32minfo[39m 2024-02-27T20:34:35.439Z UserDetails fetched successfully
[32minfo[39m 2024-02-27T20:36:36.881Z UserDetails fetched successfully
[32minfo[39m 2024-02-27T20:38:29.193Z UserDetails fetched successfully
[32minfo[39m 2024-02-27T20:38:44.862Z UserDetails fetched successfully
[32minfo[39m 2024-02-27T20:38:59.827Z UserDetails fetched successfully
[32minfo[39m 2024-02-27T20:42:43.048Z UserDetails fetched successfully
[32minfo[39m 2024-02-29T17:44:18.521Z UserDetails fetched successfully
[32minfo[39m 2024-02-29T17:47:09.634Z UserDetails fetched successfully
[32minfo[39m 2024-02-29T17:58:38.153Z Settings updated successfully
[32minfo[39m 2024-02-29T17:59:49.471Z Settings updated successfully
[32minfo[39m 2024-02-29T18:00:10.217Z Settings updated successfully
[32minfo[39m 2024-02-29T18:00:25.255Z Settings updated successfully
[32minfo[39m 2024-02-29T18:02:10.654Z Settings updated successfully
[32minfo[39m 2024-02-29T18:03:08.766Z Settings updated successfully
[32minfo[39m 2024-02-29T18:08:03.692Z Settings updated successfully
[32minfo[39m 2024-02-29T18:08:06.469Z Settings updated successfully
[32minfo[39m 2024-02-29T18:09:17.591Z Settings updated successfully
[32minfo[39m 2024-02-29T18:11:04.715Z Settings updated successfully
[32minfo[39m 2024-02-29T18:13:24.842Z Settings updated successfully
[32minfo[39m 2024-02-29T18:17:17.949Z Settings updated successfully
[32minfo[39m 2024-02-29T18:20:08.482Z Settings updated successfully
[32minfo[39m 2024-02-29T18:27:30.536Z Settings updated successfully
[32minfo[39m 2024-02-29T18:33:31.662Z Settings updated successfully
[32minfo[39m 2024-02-29T18:35:00.126Z Settings updated successfully
[32minfo[39m 2024-02-29T18:36:41.725Z Settings updated successfully
[32minfo[39m 2024-02-29T18:37:30.816Z Settings updated successfully
[32minfo[39m 2024-02-29T18:38:38.487Z Settings updated successfully
[32minfo[39m 2024-02-29T18:41:24.506Z Settings updated successfully
[32minfo[39m 2024-02-29T18:57:04.127Z Settings updated successfully
[32minfo[39m 2024-02-29T19:02:36.048Z Settings updated successfully
[32minfo[39m 2024-02-29T19:07:28.915Z Settings updated successfully
[32minfo[39m 2024-02-29T19:12:16.862Z Settings updated successfully
[32minfo[39m 2024-02-29T19:12:53.383Z Settings updated successfully
[32minfo[39m 2024-02-29T19:13:05.538Z Settings updated successfully
[32minfo[39m 2024-02-29T19:13:07.256Z Settings updated successfully
[32minfo[39m 2024-02-29T19:14:51.206Z Settings updated successfully
[32minfo[39m 2024-02-29T19:20:36.582Z Settings updated successfully
[32minfo[39m 2024-02-29T19:21:45.820Z Settings updated successfully
[32minfo[39m 2024-02-29T19:22:27.297Z Settings updated successfully
[32minfo[39m 2024-02-29T19:31:19.621Z Settings updated successfully
[32minfo[39m 2024-02-29T19:35:25.375Z Settings updated successfully
[32minfo[39m 2024-02-29T19:42:10.472Z Settings updated successfully
[32minfo[39m 2024-02-29T19:47:08.689Z Settings updated successfully
[32minfo[39m 2024-02-29T19:49:10.694Z Settings updated successfully
[32minfo[39m 2024-03-01T04:48:41.032Z Settings updated successfully
[32minfo[39m 2024-03-01T04:49:01.741Z Settings updated successfully
[32minfo[39m 2024-03-01T04:53:14.284Z Settings updated successfully
[32minfo[39m 2024-03-01T04:56:32.558Z Settings updated successfully
[32minfo[39m 2024-03-01T05:32:20.660Z Settings updated successfully
[32minfo[39m 2024-03-01T07:43:09.775Z Settings updated successfully
[32minfo[39m 2024-03-01T07:56:03.905Z Settings updated successfully
[32minfo[39m 2024-03-01T09:12:34.499Z Settings updated successfully
[32minfo[39m 2024-03-01T11:08:34.255Z UserDetails fetched successfully
[32minfo[39m 2024-03-01T11:10:30.347Z UserDetails fetched successfully
[32minfo[39m 2024-03-01T11:13:48.883Z UserDetails fetched successfully
[32minfo[39m 2024-03-01T11:14:48.758Z UserDetails fetched successfully
[32minfo[39m 2024-03-01T11:15:40.189Z UserDetails fetched successfully
[32minfo[39m 2024-03-01T11:16:46.208Z UserDetails fetched successfully
[32minfo[39m 2024-03-01T11:17:56.016Z UserDetails fetched successfully
[32minfo[39m 2024-03-01T11:18:31.407Z UserDetails fetched successfully
[32minfo[39m 2024-03-01T11:19:26.390Z UserDetails fetched successfully
[32minfo[39m 2024-03-01T11:21:00.409Z UserDetails fetched successfully
[32minfo[39m 2024-03-01T11:22:39.830Z UserDetails fetched successfully
[32minfo[39m 2024-03-01T11:26:30.317Z UserDetails fetched successfully
[32minfo[39m 2024-03-01T11:26:54.227Z UserDetails fetched successfully
[32minfo[39m 2024-03-01T11:49:21.892Z UserDetails fetched successfully
[32minfo[39m 2024-03-01T11:49:56.089Z UserDetails fetched successfully
[32minfo[39m 2024-03-01T12:04:26.410Z UserDetails fetched successfully
[32minfo[39m 2024-03-01T12:05:46.087Z UserDetails fetched successfully
[32minfo[39m 2024-03-05T11:39:09.654Z UserDetails fetched successfully
[32minfo[39m 2024-03-05T11:41:22.763Z UserDetails fetched successfully
[32minfo[39m 2024-03-06T11:15:42.012Z Appointment created successfully
[32minfo[39m 2024-03-06T11:33:08.658Z Appointment created successfully
[32minfo[39m 2024-03-06T17:34:02.922Z UserDetails fetched successfully
[32minfo[39m 2024-03-06T17:34:47.257Z UserDetails fetched successfully
[32minfo[39m 2024-03-06T17:35:07.309Z UserDetails fetched successfully
[32minfo[39m 2024-03-07T12:16:26.864Z UserDetails fetched successfully
[32minfo[39m 2024-03-07T12:16:50.239Z UserDetails fetched successfully
[32minfo[39m 2024-03-07T12:22:13.727Z UserDetails fetched successfully
[32minfo[39m 2024-03-09T08:37:49.299Z Appointment created successfully
[32minfo[39m 2024-03-09T08:47:15.245Z Appointment created successfully
[32minfo[39m 2024-03-14T17:25:28.480Z Patient created successfully
[32minfo[39m 2024-03-15T06:14:04.372Z PatientList with the required parameters recieved successfully
[32minfo[39m 2024-03-15T06:14:35.083Z PatientList with the required parameters recieved successfully
[32minfo[39m 2024-03-15T06:16:09.739Z PatientList with the required parameters recieved successfully
[32minfo[39m 2024-03-15T06:16:52.999Z PatientList with the required parameters recieved successfully
[32minfo[39m 2024-03-15T06:17:08.452Z PatientList with the required parameters recieved successfully
[32minfo[39m 2024-03-15T07:45:34.570Z Patient created successfully
[32minfo[39m 2024-03-15T08:57:29.611Z Appointment created successfully
[32minfo[39m 2024-03-15T10:37:56.996Z Patient created successfully
[32minfo[39m 2024-03-16T11:03:01.835Z PatientList with the required parameters recieved successfully
[32minfo[39m 2024-03-16T11:04:07.732Z PatientList with the required parameters recieved successfully
[32minfo[39m 2024-03-17T11:28:07.992Z Appointment created successfully
[32minfo[39m 2024-03-17T11:35:52.989Z Appointment created successfully
[32minfo[39m 2024-03-17T11:41:41.066Z Appointment created successfully
[32minfo[39m 2024-03-17T11:42:29.076Z Appointment created successfully
[32minfo[39m 2024-03-17T11:43:47.408Z Appointment created successfully
[32minfo[39m 2024-03-17T12:35:48.951Z Appointment created successfully
[32minfo[39m 2024-03-23T05:37:53.727Z Patient created successfully
[32minfo[39m 2024-03-26T05:29:23.620Z Appointment created successfully
[32minfo[39m 2024-03-26T05:32:18.431Z Appointment created successfully
[32minfo[39m 2024-03-26T11:59:15.862Z Patient created successfully
[32minfo[39m 2024-03-28T09:43:01.151Z Appointment created successfully
[32minfo[39m 2024-03-28T09:43:20.875Z Appointment created successfully
[32minfo[39m 2024-03-28T09:43:57.684Z Appointment created successfully
[32minfo[39m 2024-03-28T09:48:47.777Z Appointment created successfully
[32minfo[39m 2024-03-30T07:22:57.279Z Patient details updated successfully
[32minfo[39m 2024-03-30T07:25:35.078Z Patient details updated successfully
[32minfo[39m 2024-03-30T07:39:00.660Z Patient details updated successfully
[32minfo[39m 2024-03-30T07:44:05.151Z Patient details updated successfully
[32minfo[39m 2024-03-30T07:45:28.320Z Patient created successfully
[32minfo[39m 2024-03-30T07:47:11.734Z Patient created successfully
[32minfo[39m 2024-03-30T07:50:05.424Z Patient created successfully
[32minfo[39m 2024-03-30T07:51:42.305Z Patient created successfully
[32minfo[39m 2024-03-30T08:03:53.474Z Patient created successfully
[32minfo[39m 2024-03-30T08:11:22.645Z Patient details updated successfully
[32minfo[39m 2024-03-30T08:13:26.158Z Patient details updated successfully
[32minfo[39m 2024-03-30T08:13:31.654Z Patient details updated successfully
[32minfo[39m 2024-03-30T10:58:04.401Z Appointment created successfully
